<?xml version="1.0" encoding="UTF-8"?>
<!-- Generated by org.testng.reporters.JUnitReportReporter -->
<testsuite skipped="0" hostname="BGPL129249" name="com.actitime.generics.AssignmentForAnnotation" tests="4" failures="0" timestamp="2021-06-21T23:56:43 IST" time="0.016" errors="0">
  <testcase name="deleteCustomer" time="0.008" classname="com.actitime.generics.AssignmentForAnnotation"/>
  <system-out>
    <![CDATA[DeleteCustomer]]>
  </system-out>
  <testcase name="registerCreateCustomer" time="0.000" classname="com.actitime.generics.AssignmentForAnnotation"/>
  <system-out>
    <![CDATA[RegisterCustomer]]>
  </system-out>
  <testcase name="editCustomer" time="0.008" classname="com.actitime.generics.AssignmentForAnnotation"/>
  <system-out>
    <![CDATA[editCustomer]]>
  </system-out>
  <testcase name="editCustomer" time="0.000" classname="com.actitime.generics.AssignmentForAnnotation"/>
  <system-out>
    <![CDATA[editCustomer]]>
  </system-out>
</testsuite> <!-- com.actitime.generics.AssignmentForAnnotation -->
