<?xml version="1.0" encoding="UTF-8"?>
<!-- Generated by org.testng.reporters.JUnitReportReporter -->
<testsuite skipped="0" hostname="BGPL129249" name="com.actitime.testscripts.TestClsMck" tests="1" failures="0" timestamp="2021-07-03T15:45:34 IST" time="26.735" errors="0">
  <testcase name="testlogin" time="26.735" classname="com.actitime.testscripts.TestClsMck"/>
  <system-out/>
</testsuite> <!-- com.actitime.testscripts.TestClsMck -->
