<?xml version="1.0" encoding="UTF-8"?>
<!-- Generated by org.testng.reporters.JUnitReportReporter -->
<testsuite skipped="0" hostname="BGPL129249" name="com.actitime.testscripts.ObjectModule" tests="2" failures="0" timestamp="2021-06-28T23:40:41 IST" time="47.696" errors="0">
  <testcase name="createObject" time="11.902" classname="com.actitime.testscripts.ObjectModule"/>
  <system-out>
    <![CDATA[createObject]]>
  </system-out>
  <testcase name="deleteObject" time="35.794" classname="com.actitime.testscripts.ObjectModule"/>
  <system-out>
    <![CDATA[deleteObject]]>
  </system-out>
</testsuite> <!-- com.actitime.testscripts.ObjectModule -->
