<?xml version="1.0" encoding="UTF-8"?>
<!-- Generated by org.testng.reporters.JUnitReportReporter -->
<testsuite skipped="0" hostname="BGPL129249" name="com.actitime.generics.CustomerModules" tests="2" failures="0" timestamp="2021-06-21T23:51:19 IST" time="0.017" errors="0">
  <testcase name="testCreateCustomer" time="0.001" classname="com.actitime.generics.CustomerModules"/>
  <system-out>
    <![CDATA[CreateCustomer]]>
  </system-out>
  <testcase name="testdeleteCustomer" time="0.016" classname="com.actitime.generics.CustomerModules"/>
  <system-out>
    <![CDATA[DeleteCustomer]]>
  </system-out>
</testsuite> <!-- com.actitime.generics.CustomerModules -->
