<?xml version="1.0" encoding="UTF-8"?>
<!-- Generated by org.testng.reporters.JUnitReportReporter -->
<testsuite skipped="0" hostname="BGPL129249" name="TestNGPrograms.TestDemo" tests="3" failures="0" timestamp="2021-06-21T22:58:34 IST" time="0.016" errors="0">
  <testcase name="createCustomer" time="0.016" classname="TestNGPrograms.TestDemo"/>
  <system-out>
    <![CDATA[createCustomer]]>
  </system-out>
  <testcase name="modifyCustomer" time="0.000" classname="TestNGPrograms.TestDemo"/>
  <system-out>
    <![CDATA[modifyCustomer]]>
  </system-out>
  <testcase name="deleteCustomer" time="0.000" classname="TestNGPrograms.TestDemo"/>
  <system-out>
    <![CDATA[deleteCustomer]]>
  </system-out>
</testsuite> <!-- TestNGPrograms.TestDemo -->
